2001.02.03 17:02 B C:\Eigene Dateien\Eigene Webs\Vati\Bilder\AnnBuch.JPG --> holgeruske.de /Bilder AnnBuch.JPG
2001.02.03 17:02 B C:\Eigene Dateien\Eigene Webs\Vati\Bilder\BuchAnnTit.JPG --> holgeruske.de /Bilder BuchAnnTit.JPG
2001.02.03 17:02 B C:\Eigene Dateien\Eigene Webs\Vati\Bilder\BuchMag1.JPG --> holgeruske.de /Bilder BuchMag1.JPG
2001.02.03 17:02 B C:\Eigene Dateien\Eigene Webs\Vati\Bilder\email.gif --> holgeruske.de /Bilder email.gif
2001.02.03 17:02 B C:\Eigene Dateien\Eigene Webs\Vati\Bilder\envelope.gif --> holgeruske.de /Bilder envelope.gif
2001.02.03 17:02 B C:\Eigene Dateien\Eigene Webs\Vati\Bilder\Familie1.jpg --> holgeruske.de /Bilder Familie1.jpg
2001.02.03 17:02 B C:\Eigene Dateien\Eigene Webs\Vati\Bilder\image001.gif --> holgeruske.de /Bilder image001.gif
2001.02.03 17:02 B C:\Eigene Dateien\Eigene Webs\Vati\Bilder\image003.gif --> holgeruske.de /Bilder image003.gif
2001.02.03 17:02 B C:\Eigene Dateien\Eigene Webs\Vati\Bilder\image004.gif --> holgeruske.de /Bilder image004.gif
2001.02.03 17:02 B C:\Eigene Dateien\Eigene Webs\Vati\Bilder\Lesung1.JPG --> holgeruske.de /Bilder Lesung1.JPG
2001.02.03 17:02 B C:\Eigene Dateien\Eigene Webs\Vati\Bilder\Lesung2.JPG --> holgeruske.de /Bilder Lesung2.JPG
2001.02.03 17:03 B C:\Eigene Dateien\Eigene Webs\Vati\Bilder\magmomente.jpg --> holgeruske.de /Bilder magmomente.jpg
2001.02.03 17:03 B C:\Eigene Dateien\Eigene Webs\Vati\Bilder\papa&familie.JPG --> holgeruske.de /Bilder papa&familie.JPG
2001.02.03 17:03 B C:\Eigene Dateien\Eigene Webs\Vati\Bilder\papafoto.JPG --> holgeruske.de /Bilder papafoto.JPG
2001.02.03 17:03 B C:\Eigene Dateien\Eigene Webs\Vati\Bilder\Papafotobind.JPG --> holgeruske.de /Bilder Papafotobind.JPG
2001.02.03 17:03 B C:\Eigene Dateien\Eigene Webs\Vati\Bilder\PapaPort.JPG --> holgeruske.de /Bilder PapaPort.JPG
2001.02.03 17:03 B C:\Eigene Dateien\Eigene Webs\Vati\Bilder\paparestaurant.JPG --> holgeruske.de /Bilder paparestaurant.JPG
2001.02.03 17:03 B C:\Eigene Dateien\Eigene Webs\Vati\Bilder\portraet.JPG --> holgeruske.de /Bilder portraet.JPG
2001.02.03 17:03 B C:\Eigene Dateien\Eigene Webs\Vati\Bilder\Verein.JPG --> holgeruske.de /Bilder Verein.JPG
2003.09.09 22:19 B C:\Dokumente und Einstellungen\Nutzer\Eigene Dateien\Eigene Webs\Vati\Bilder\Zwielicht1.jpg --> holgeruske.de /Bilder Zwielicht1.jpg
2004.02.01 12:58 B C:\Dokumente und Einstellungen\Nutzer\Eigene Dateien\Eigene Webs\Vati\Bilder\Bettina.jpg --> holgeruske.de / Bettina.jpg
2004.02.01 12:58 B C:\Dokumente und Einstellungen\Nutzer\Eigene Dateien\Eigene Webs\Vati\Bilder\BettinaTit.jpg --> holgeruske.de / BettinaTit.jpg
2004.02.01 13:40 B C:\Dokumente und Einstellungen\Nutzer\Eigene Dateien\Eigene Webs\Vati\Bilder\Bettina.jpg --> holgeruske.de /Bilder Bettina.jpg
2004.02.01 13:40 B C:\Dokumente und Einstellungen\Nutzer\Eigene Dateien\Eigene Webs\Vati\Bilder\BettinaTit.jpg --> holgeruske.de /Bilder BettinaTit.jpg
2005.09.19 22:43 B C:\Dokumente und Einstellungen\Nutzer\Eigene Dateien\Eigene Webs\Vati\Bilder\FisSeite.jpg --> holgeruske.de /Bilder FisSeite.jpg
2005.09.19 22:43 B C:\Dokumente und Einstellungen\Nutzer\Eigene Dateien\Eigene Webs\Vati\Bilder\FisTitel.jpg --> holgeruske.de /Bilder FisTitel.jpg
2006.01.03 22:25 B C:\Dokumente und Einstellungen\Nutzer\Eigene Dateien\Eigene Webs\Vati\Bilder\Holgerkl.jpg --> holgeruske.de /Bilder Holgerkl.jpg
2006.12.10 20:46 B C:\Dokumente und Einstellungen\Nutzer\Eigene Dateien\Eigene Webs\Vati\Bilder\Für Leonardo IIA.jpg --> holgeruske.de /Buecher Für Leonardo IIA.jpg
2006.12.10 20:47 B C:\Dokumente und Einstellungen\Nutzer\Eigene Dateien\Eigene Webs\Vati\Bilder\Für Leonardo IIA.jpg --> holgeruske.de /Bilder Für Leonardo IIA.jpg
2006.12.10 20:47 B C:\Dokumente und Einstellungen\Nutzer\Eigene Dateien\Eigene Webs\Vati\Bilder\Leonardo.jpg --> holgeruske.de /Bilder Leonardo.jpg
2006.12.10 20:47 B C:\Dokumente und Einstellungen\Nutzer\Eigene Dateien\Eigene Webs\Vati\Bilder\OppermannT.jpg --> holgeruske.de /Bilder OppermannT.jpg
2007.04.05 23:35 B D:\Eigene Dateien\Holger\Eigene Webs\Vati\Bilder\Schattenkl3Int.jpg --> holgeruske.de /Bilder Schattenkl3Int.jpg
2011.11.28 20:53 B C:\Users\Holger\Eigene Webs\Vati\Bilder\Behördengang.jpg --> www.holgeruske.de /Bilder Behördengang.jpg
2011.11.28 20:53 B C:\Users\Holger\Eigene Webs\Vati\Bilder\Erdfahrt0.jpg --> www.holgeruske.de /Bilder Erdfahrt0.jpg
2011.11.28 20:53 B C:\Users\Holger\Eigene Webs\Vati\Bilder\Nachtschrift.jpg --> www.holgeruske.de /Bilder Nachtschrift.jpg
2011.11.28 21:14 B C:\Users\Holger\Eigene Webs\Vati\Bilder\Behördengang.jpg --> www.holgeruske.de /Bilder Behördengang.jpg
2011.11.28 21:14 B C:\Users\Holger\Eigene Webs\Vati\Bilder\Nachtschrift.jpg --> www.holgeruske.de /Bilder Nachtschrift.jpg
2011.11.28 21:20 B C:\Users\Holger\Eigene Webs\Vati\Bilder\Behoerde.jpg --> www.holgeruske.de /Bilder Behoerde.jpg
2012.10.11 21:33 B C:\Users\Holger\Eigene Webs\Vati\Bilder\Anschuetz_Leseprobe.jpg --> www.holgeruske.de /Bilder Anschuetz_Leseprobe.jpg
2012.10.11 21:34 B C:\Users\Holger\Eigene Webs\Vati\Bilder\Anschuetz_Leseprobe1.jpg --> www.holgeruske.de /Bilder Anschuetz_Leseprobe1.jpg
2012.10.11 21:34 B C:\Users\Holger\Eigene Webs\Vati\Bilder\Anschuetz_Titel.jpg --> www.holgeruske.de /Bilder Anschuetz_Titel.jpg
2012.11.18 22:39 B C:\Users\Holger\Eigene Webs\Vati\Bilder\Wiegandkl.jpg --> www.holgeruske.de /verein Wiegandkl.jpg
